{"C:\\Users\\HP\\Desktop\\My Current\\JS--css--html\\java script\\video harkhirat\\Projects All\\Full Stack Projects\\blogApp\\server\\src\\contoller\\TodoController.ts": {"path":"C:\\Users\\HP\\Desktop\\My Current\\JS--css--html\\java script\\video harkhirat\\Projects All\\Full Stack Projects\\blogApp\\server\\src\\contoller\\TodoController.ts","statementMap":{"0":{"start":{"line":3,"column":0},"end":{"line":3,"column":43}},"1":{"start":{"line":4,"column":0},"end":{"line":4,"column":28}},"2":{"start":{"line":5,"column":0},"end":{"line":5,"column":31}},"3":{"start":{"line":6,"column":0},"end":{"line":6,"column":43}},"4":{"start":{"line":9,"column":24},"end":{"line":42,"column":1}},"5":{"start":{"line":10,"column":2},"end":{"line":41,"column":3}},"6":{"start":{"line":11,"column":32},"end":{"line":11,"column":40}},"7":{"start":{"line":13,"column":4},"end":{"line":15,"column":5}},"8":{"start":{"line":14,"column":6},"end":{"line":14,"column":82}},"9":{"start":{"line":17,"column":17},"end":{"line":17,"column":51}},"10":{"start":{"line":18,"column":4},"end":{"line":18,"column":85}},"11":{"start":{"line":18,"column":15},"end":{"line":18,"column":85}},"12":{"start":{"line":20,"column":28},"end":{"line":20,"column":73}},"13":{"start":{"line":21,"column":4},"end":{"line":21,"column":96}},"14":{"start":{"line":21,"column":26},"end":{"line":21,"column":96}},"15":{"start":{"line":24,"column":18},"end":{"line":27,"column":null}},"16":{"start":{"line":30,"column":25},"end":{"line":35,"column":6}},"17":{"start":{"line":37,"column":4},"end":{"line":37,"column":85}},"18":{"start":{"line":39,"column":4},"end":{"line":39,"column":41}},"19":{"start":{"line":40,"column":4},"end":{"line":40,"column":54}},"20":{"start":{"line":392,"column":2},"end":{"line":392,"column":17}},"21":{"start":{"line":45,"column":27},"end":{"line":83,"column":1}},"22":{"start":{"line":46,"column":2},"end":{"line":82,"column":3}},"23":{"start":{"line":47,"column":38},"end":{"line":47,"column":46}},"24":{"start":{"line":49,"column":4},"end":{"line":51,"column":5}},"25":{"start":{"line":50,"column":6},"end":{"line":50,"column":74}},"26":{"start":{"line":53,"column":4},"end":{"line":55,"column":5}},"27":{"start":{"line":54,"column":6},"end":{"line":54,"column":89}},"28":{"start":{"line":57,"column":25},"end":{"line":57,"column":59}},"29":{"start":{"line":58,"column":4},"end":{"line":58,"column":86}},"30":{"start":{"line":58,"column":22},"end":{"line":58,"column":86}},"31":{"start":{"line":60,"column":27},"end":{"line":60,"column":58}},"32":{"start":{"line":62,"column":20},"end":{"line":67,"column":6}},"33":{"start":{"line":69,"column":4},"end":{"line":69,"column":25}},"34":{"start":{"line":71,"column":25},"end":{"line":76,"column":6}},"35":{"start":{"line":78,"column":4},"end":{"line":78,"column":90}},"36":{"start":{"line":80,"column":4},"end":{"line":80,"column":46}},"37":{"start":{"line":81,"column":4},"end":{"line":81,"column":54}},"38":{"start":{"line":393,"column":2},"end":{"line":393,"column":20}},"39":{"start":{"line":86,"column":28},"end":{"line":100,"column":1}},"40":{"start":{"line":87,"column":2},"end":{"line":99,"column":3}},"41":{"start":{"line":89,"column":18},"end":{"line":89,"column":64}},"42":{"start":{"line":90,"column":4},"end":{"line":95,"column":7}},"43":{"start":{"line":97,"column":4},"end":{"line":97,"column":46}},"44":{"start":{"line":98,"column":4},"end":{"line":98,"column":54}},"45":{"start":{"line":394,"column":2},"end":{"line":394,"column":21}},"46":{"start":{"line":103,"column":27},"end":{"line":121,"column":1}},"47":{"start":{"line":104,"column":2},"end":{"line":120,"column":3}},"48":{"start":{"line":105,"column":4},"end":{"line":105,"column":61}},"49":{"start":{"line":108,"column":23},"end":{"line":108,"column":46}},"50":{"start":{"line":109,"column":18},"end":{"line":109,"column":84}},"51":{"start":{"line":111,"column":4},"end":{"line":116,"column":7}},"52":{"start":{"line":118,"column":4},"end":{"line":118,"column":45}},"53":{"start":{"line":119,"column":4},"end":{"line":119,"column":54}},"54":{"start":{"line":395,"column":2},"end":{"line":395,"column":20}},"55":{"start":{"line":124,"column":23},"end":{"line":153,"column":1}},"56":{"start":{"line":125,"column":2},"end":{"line":152,"column":3}},"57":{"start":{"line":126,"column":42},"end":{"line":126,"column":50}},"58":{"start":{"line":127,"column":4},"end":{"line":129,"column":5}},"59":{"start":{"line":128,"column":6},"end":{"line":128,"column":85}},"60":{"start":{"line":131,"column":20},"end":{"line":131,"column":52}},"61":{"start":{"line":132,"column":19},"end":{"line":132,"column":50}},"62":{"start":{"line":134,"column":4},"end":{"line":136,"column":5}},"63":{"start":{"line":135,"column":6},"end":{"line":135,"column":71}},"64":{"start":{"line":138,"column":20},"end":{"line":144,"column":6}},"65":{"start":{"line":146,"column":4},"end":{"line":146,"column":25}},"66":{"start":{"line":148,"column":4},"end":{"line":148,"column":89}},"67":{"start":{"line":150,"column":4},"end":{"line":150,"column":49}},"68":{"start":{"line":151,"column":4},"end":{"line":151,"column":61}},"69":{"start":{"line":396,"column":2},"end":{"line":396,"column":16}},"70":{"start":{"line":156,"column":29},"end":{"line":235,"column":1}},"71":{"start":{"line":157,"column":2},"end":{"line":234,"column":3}},"72":{"start":{"line":158,"column":19},"end":{"line":158,"column":29}},"73":{"start":{"line":159,"column":23},"end":{"line":159,"column":46}},"74":{"start":{"line":160,"column":22},"end":{"line":160,"column":44}},"75":{"start":{"line":162,"column":4},"end":{"line":167,"column":7}},"76":{"start":{"line":170,"column":4},"end":{"line":172,"column":5}},"77":{"start":{"line":171,"column":6},"end":{"line":171,"column":79}},"78":{"start":{"line":175,"column":4},"end":{"line":177,"column":5}},"79":{"start":{"line":176,"column":6},"end":{"line":176,"column":73}},"80":{"start":{"line":180,"column":17},"end":{"line":180,"column":45}},"81":{"start":{"line":181,"column":4},"end":{"line":183,"column":5}},"82":{"start":{"line":182,"column":6},"end":{"line":182,"column":65}},"83":{"start":{"line":185,"column":4},"end":{"line":189,"column":7}},"84":{"start":{"line":192,"column":21},"end":{"line":192,"column":53}},"85":{"start":{"line":194,"column":22},"end":{"line":194,"column":29}},"86":{"start":{"line":196,"column":4},"end":{"line":207,"column":5}},"87":{"start":{"line":197,"column":6},"end":{"line":206,"column":9}},"88":{"start":{"line":210,"column":24},"end":{"line":210,"column":61}},"89":{"start":{"line":212,"column":4},"end":{"line":214,"column":5}},"90":{"start":{"line":213,"column":6},"end":{"line":213,"column":84}},"91":{"start":{"line":216,"column":4},"end":{"line":219,"column":7}},"92":{"start":{"line":221,"column":4},"end":{"line":227,"column":7}},"93":{"start":{"line":229,"column":4},"end":{"line":229,"column":47}},"94":{"start":{"line":230,"column":4},"end":{"line":233,"column":7}},"95":{"start":{"line":397,"column":2},"end":{"line":397,"column":22}},"96":{"start":{"line":238,"column":30},"end":{"line":250,"column":1}},"97":{"start":{"line":239,"column":2},"end":{"line":249,"column":3}},"98":{"start":{"line":240,"column":18},"end":{"line":240,"column":64}},"99":{"start":{"line":241,"column":4},"end":{"line":245,"column":7}},"100":{"start":{"line":247,"column":4},"end":{"line":247,"column":50}},"101":{"start":{"line":248,"column":4},"end":{"line":248,"column":54}},"102":{"start":{"line":398,"column":2},"end":{"line":398,"column":23}},"103":{"start":{"line":253,"column":32},"end":{"line":274,"column":1}},"104":{"start":{"line":254,"column":2},"end":{"line":273,"column":3}},"105":{"start":{"line":255,"column":19},"end":{"line":255,"column":29}},"106":{"start":{"line":257,"column":4},"end":{"line":259,"column":5}},"107":{"start":{"line":258,"column":6},"end":{"line":258,"column":73}},"108":{"start":{"line":261,"column":17},"end":{"line":261,"column":45}},"109":{"start":{"line":262,"column":4},"end":{"line":264,"column":5}},"110":{"start":{"line":263,"column":6},"end":{"line":263,"column":65}},"111":{"start":{"line":266,"column":4},"end":{"line":269,"column":7}},"112":{"start":{"line":271,"column":4},"end":{"line":271,"column":49}},"113":{"start":{"line":272,"column":4},"end":{"line":272,"column":54}},"114":{"start":{"line":399,"column":2},"end":{"line":399,"column":25}},"115":{"start":{"line":277,"column":29},"end":{"line":326,"column":1}},"116":{"start":{"line":278,"column":2},"end":{"line":325,"column":3}},"117":{"start":{"line":279,"column":19},"end":{"line":279,"column":29}},"118":{"start":{"line":280,"column":42},"end":{"line":280,"column":50}},"119":{"start":{"line":281,"column":23},"end":{"line":281,"column":46}},"120":{"start":{"line":282,"column":22},"end":{"line":282,"column":44}},"121":{"start":{"line":285,"column":4},"end":{"line":287,"column":5}},"122":{"start":{"line":286,"column":6},"end":{"line":286,"column":73}},"123":{"start":{"line":290,"column":17},"end":{"line":290,"column":45}},"124":{"start":{"line":291,"column":4},"end":{"line":293,"column":5}},"125":{"start":{"line":292,"column":6},"end":{"line":292,"column":65}},"126":{"start":{"line":296,"column":21},"end":{"line":296,"column":53}},"127":{"start":{"line":297,"column":20},"end":{"line":297,"column":40}},"128":{"start":{"line":298,"column":22},"end":{"line":298,"column":40}},"129":{"start":{"line":300,"column":4},"end":{"line":304,"column":5}},"130":{"start":{"line":301,"column":6},"end":{"line":303,"column":9}},"131":{"start":{"line":307,"column":24},"end":{"line":315,"column":null}},"132":{"start":{"line":318,"column":4},"end":{"line":321,"column":7}},"133":{"start":{"line":323,"column":4},"end":{"line":323,"column":49}},"134":{"start":{"line":324,"column":4},"end":{"line":324,"column":54}},"135":{"start":{"line":400,"column":2},"end":{"line":400,"column":22}},"136":{"start":{"line":328,"column":27},"end":{"line":388,"column":1}},"137":{"start":{"line":329,"column":2},"end":{"line":387,"column":3}},"138":{"start":{"line":330,"column":19},"end":{"line":330,"column":29}},"139":{"start":{"line":331,"column":42},"end":{"line":331,"column":50}},"140":{"start":{"line":332,"column":19},"end":{"line":332,"column":43}},"141":{"start":{"line":333,"column":3},"end":{"line":333,"column":69}},"142":{"start":{"line":335,"column":0},"end":{"line":337,"column":1}},"143":{"start":{"line":336,"column":2},"end":{"line":336,"column":75}},"144":{"start":{"line":340,"column":4},"end":{"line":345,"column":5}},"145":{"start":{"line":341,"column":6},"end":{"line":344,"column":9}},"146":{"start":{"line":348,"column":17},"end":{"line":348,"column":45}},"147":{"start":{"line":349,"column":4},"end":{"line":354,"column":5}},"148":{"start":{"line":350,"column":6},"end":{"line":353,"column":9}},"149":{"start":{"line":357,"column":3},"end":{"line":362,"column":1}},"150":{"start":{"line":358,"column":2},"end":{"line":361,"column":5}},"151":{"start":{"line":365,"column":24},"end":{"line":372,"column":null}},"152":{"start":{"line":375,"column":4},"end":{"line":379,"column":7}},"153":{"start":{"line":382,"column":4},"end":{"line":382,"column":49}},"154":{"start":{"line":383,"column":4},"end":{"line":386,"column":7}},"155":{"start":{"line":391,"column":2},"end":{"line":391,"column":20}}},"fnMap":{"0":{"name":"(anonymous_1)","decl":{"start":{"line":9,"column":24},"end":{"line":9,"column":29}},"loc":{"start":{"line":9,"column":62},"end":{"line":42,"column":1}}},"1":{"name":"(anonymous_2)","decl":{"start":{"line":45,"column":27},"end":{"line":45,"column":32}},"loc":{"start":{"line":45,"column":65},"end":{"line":83,"column":1}}},"2":{"name":"(anonymous_3)","decl":{"start":{"line":86,"column":28},"end":{"line":86,"column":33}},"loc":{"start":{"line":86,"column":66},"end":{"line":100,"column":1}}},"3":{"name":"(anonymous_4)","decl":{"start":{"line":103,"column":27},"end":{"line":103,"column":32}},"loc":{"start":{"line":103,"column":65},"end":{"line":121,"column":1}}},"4":{"name":"(anonymous_5)","decl":{"start":{"line":124,"column":23},"end":{"line":124,"column":28}},"loc":{"start":{"line":124,"column":61},"end":{"line":153,"column":1}}},"5":{"name":"(anonymous_6)","decl":{"start":{"line":156,"column":29},"end":{"line":156,"column":34}},"loc":{"start":{"line":156,"column":67},"end":{"line":235,"column":1}}},"6":{"name":"(anonymous_7)","decl":{"start":{"line":238,"column":30},"end":{"line":238,"column":35}},"loc":{"start":{"line":238,"column":68},"end":{"line":250,"column":1}}},"7":{"name":"(anonymous_8)","decl":{"start":{"line":253,"column":32},"end":{"line":253,"column":37}},"loc":{"start":{"line":253,"column":70},"end":{"line":274,"column":1}}},"8":{"name":"(anonymous_9)","decl":{"start":{"line":277,"column":29},"end":{"line":277,"column":34}},"loc":{"start":{"line":277,"column":67},"end":{"line":326,"column":1}}},"9":{"name":"(anonymous_10)","decl":{"start":{"line":328,"column":27},"end":{"line":328,"column":32}},"loc":{"start":{"line":328,"column":65},"end":{"line":388,"column":1}}}},"branchMap":{"0":{"loc":{"start":{"line":13,"column":4},"end":{"line":15,"column":5}},"type":"if","locations":[{"start":{"line":13,"column":4},"end":{"line":15,"column":5}},{"start":{},"end":{}}]},"1":{"loc":{"start":{"line":13,"column":8},"end":{"line":13,"column":27}},"type":"binary-expr","locations":[{"start":{"line":13,"column":8},"end":{"line":13,"column":14}},{"start":{"line":13,"column":18},"end":{"line":13,"column":27}}]},"2":{"loc":{"start":{"line":18,"column":4},"end":{"line":18,"column":85}},"type":"if","locations":[{"start":{"line":18,"column":4},"end":{"line":18,"column":85}},{"start":{},"end":{}}]},"3":{"loc":{"start":{"line":21,"column":4},"end":{"line":21,"column":96}},"type":"if","locations":[{"start":{"line":21,"column":4},"end":{"line":21,"column":96}},{"start":{},"end":{}}]},"4":{"loc":{"start":{"line":26,"column":6},"end":{"line":26,"column":49}},"type":"binary-expr","locations":[{"start":{"line":26,"column":6},"end":{"line":26,"column":28}},{"start":{"line":26,"column":32},"end":{"line":26,"column":49}}]},"5":{"loc":{"start":{"line":49,"column":4},"end":{"line":51,"column":5}},"type":"if","locations":[{"start":{"line":49,"column":4},"end":{"line":51,"column":5}},{"start":{},"end":{}}]},"6":{"loc":{"start":{"line":49,"column":8},"end":{"line":49,"column":36}},"type":"binary-expr","locations":[{"start":{"line":49,"column":8},"end":{"line":49,"column":13}},{"start":{"line":49,"column":17},"end":{"line":49,"column":23}},{"start":{"line":49,"column":27},"end":{"line":49,"column":36}}]},"7":{"loc":{"start":{"line":53,"column":4},"end":{"line":55,"column":5}},"type":"if","locations":[{"start":{"line":53,"column":4},"end":{"line":55,"column":5}},{"start":{},"end":{}}]},"8":{"loc":{"start":{"line":58,"column":4},"end":{"line":58,"column":86}},"type":"if","locations":[{"start":{"line":58,"column":4},"end":{"line":58,"column":86}},{"start":{},"end":{}}]},"9":{"loc":{"start":{"line":127,"column":4},"end":{"line":129,"column":5}},"type":"if","locations":[{"start":{"line":127,"column":4},"end":{"line":129,"column":5}},{"start":{},"end":{}}]},"10":{"loc":{"start":{"line":127,"column":8},"end":{"line":127,"column":30}},"type":"binary-expr","locations":[{"start":{"line":127,"column":8},"end":{"line":127,"column":14}},{"start":{"line":127,"column":18},"end":{"line":127,"column":30}}]},"11":{"loc":{"start":{"line":131,"column":20},"end":{"line":131,"column":52}},"type":"binary-expr","locations":[{"start":{"line":131,"column":20},"end":{"line":131,"column":44}},{"start":{"line":131,"column":48},"end":{"line":131,"column":52}}]},"12":{"loc":{"start":{"line":132,"column":19},"end":{"line":132,"column":50}},"type":"binary-expr","locations":[{"start":{"line":132,"column":19},"end":{"line":132,"column":42}},{"start":{"line":132,"column":46},"end":{"line":132,"column":50}}]},"13":{"loc":{"start":{"line":134,"column":4},"end":{"line":136,"column":5}},"type":"if","locations":[{"start":{"line":134,"column":4},"end":{"line":136,"column":5}},{"start":{},"end":{}}]},"14":{"loc":{"start":{"line":170,"column":4},"end":{"line":172,"column":5}},"type":"if","locations":[{"start":{"line":170,"column":4},"end":{"line":172,"column":5}},{"start":{},"end":{}}]},"15":{"loc":{"start":{"line":175,"column":4},"end":{"line":177,"column":5}},"type":"if","locations":[{"start":{"line":175,"column":4},"end":{"line":177,"column":5}},{"start":{},"end":{}}]},"16":{"loc":{"start":{"line":175,"column":8},"end":{"line":175,"column":45}},"type":"binary-expr","locations":[{"start":{"line":175,"column":8},"end":{"line":175,"column":11}},{"start":{"line":175,"column":15},"end":{"line":175,"column":45}}]},"17":{"loc":{"start":{"line":181,"column":4},"end":{"line":183,"column":5}},"type":"if","locations":[{"start":{"line":181,"column":4},"end":{"line":183,"column":5}},{"start":{},"end":{}}]},"18":{"loc":{"start":{"line":196,"column":4},"end":{"line":207,"column":5}},"type":"if","locations":[{"start":{"line":196,"column":4},"end":{"line":207,"column":5}},{"start":{},"end":{}}]},"19":{"loc":{"start":{"line":212,"column":4},"end":{"line":214,"column":5}},"type":"if","locations":[{"start":{"line":212,"column":4},"end":{"line":214,"column":5}},{"start":{},"end":{}}]},"20":{"loc":{"start":{"line":232,"column":13},"end":{"line":232,"column":77}},"type":"cond-expr","locations":[{"start":{"line":232,"column":54},"end":{"line":232,"column":65}},{"start":{"line":232,"column":68},"end":{"line":232,"column":77}}]},"21":{"loc":{"start":{"line":257,"column":4},"end":{"line":259,"column":5}},"type":"if","locations":[{"start":{"line":257,"column":4},"end":{"line":259,"column":5}},{"start":{},"end":{}}]},"22":{"loc":{"start":{"line":257,"column":8},"end":{"line":257,"column":45}},"type":"binary-expr","locations":[{"start":{"line":257,"column":8},"end":{"line":257,"column":11}},{"start":{"line":257,"column":15},"end":{"line":257,"column":45}}]},"23":{"loc":{"start":{"line":262,"column":4},"end":{"line":264,"column":5}},"type":"if","locations":[{"start":{"line":262,"column":4},"end":{"line":264,"column":5}},{"start":{},"end":{}}]},"24":{"loc":{"start":{"line":285,"column":4},"end":{"line":287,"column":5}},"type":"if","locations":[{"start":{"line":285,"column":4},"end":{"line":287,"column":5}},{"start":{},"end":{}}]},"25":{"loc":{"start":{"line":285,"column":8},"end":{"line":285,"column":45}},"type":"binary-expr","locations":[{"start":{"line":285,"column":8},"end":{"line":285,"column":11}},{"start":{"line":285,"column":15},"end":{"line":285,"column":45}}]},"26":{"loc":{"start":{"line":291,"column":4},"end":{"line":293,"column":5}},"type":"if","locations":[{"start":{"line":291,"column":4},"end":{"line":293,"column":5}},{"start":{},"end":{}}]},"27":{"loc":{"start":{"line":298,"column":22},"end":{"line":298,"column":40}},"type":"binary-expr","locations":[{"start":{"line":298,"column":22},"end":{"line":298,"column":29}},{"start":{"line":298,"column":33},"end":{"line":298,"column":40}}]},"28":{"loc":{"start":{"line":300,"column":4},"end":{"line":304,"column":5}},"type":"if","locations":[{"start":{"line":300,"column":4},"end":{"line":304,"column":5}},{"start":{},"end":{}}]},"29":{"loc":{"start":{"line":310,"column":12},"end":{"line":310,"column":30}},"type":"binary-expr","locations":[{"start":{"line":310,"column":12},"end":{"line":310,"column":17}},{"start":{"line":310,"column":21},"end":{"line":310,"column":30}}]},"30":{"loc":{"start":{"line":311,"column":12},"end":{"line":311,"column":42}},"type":"binary-expr","locations":[{"start":{"line":311,"column":12},"end":{"line":311,"column":23}},{"start":{"line":311,"column":27},"end":{"line":311,"column":42}}]},"31":{"loc":{"start":{"line":312,"column":12},"end":{"line":312,"column":44}},"type":"binary-expr","locations":[{"start":{"line":312,"column":12},"end":{"line":312,"column":31}},{"start":{"line":312,"column":35},"end":{"line":312,"column":44}}]},"32":{"loc":{"start":{"line":335,"column":0},"end":{"line":337,"column":1}},"type":"if","locations":[{"start":{"line":335,"column":0},"end":{"line":337,"column":1}},{"start":{},"end":{}}]},"33":{"loc":{"start":{"line":340,"column":4},"end":{"line":345,"column":5}},"type":"if","locations":[{"start":{"line":340,"column":4},"end":{"line":345,"column":5}},{"start":{},"end":{}}]},"34":{"loc":{"start":{"line":340,"column":8},"end":{"line":340,"column":30}},"type":"binary-expr","locations":[{"start":{"line":340,"column":8},"end":{"line":340,"column":14}},{"start":{"line":340,"column":18},"end":{"line":340,"column":30}}]},"35":{"loc":{"start":{"line":349,"column":4},"end":{"line":354,"column":5}},"type":"if","locations":[{"start":{"line":349,"column":4},"end":{"line":354,"column":5}},{"start":{},"end":{}}]},"36":{"loc":{"start":{"line":357,"column":3},"end":{"line":362,"column":1}},"type":"if","locations":[{"start":{"line":357,"column":3},"end":{"line":362,"column":1}},{"start":{},"end":{}}]},"37":{"loc":{"start":{"line":370,"column":15},"end":{"line":370,"column":34}},"type":"binary-expr","locations":[{"start":{"line":370,"column":15},"end":{"line":370,"column":20}},{"start":{"line":370,"column":24},"end":{"line":370,"column":34}}]}},"s":{"0":1,"1":1,"2":1,"3":1,"4":1,"5":5,"6":5,"7":5,"8":1,"9":4,"10":3,"11":1,"12":2,"13":2,"14":1,"15":1,"16":1,"17":1,"18":1,"19":1,"20":1,"21":1,"22":0,"23":0,"24":0,"25":0,"26":0,"27":0,"28":0,"29":0,"30":0,"31":0,"32":0,"33":0,"34":0,"35":0,"36":0,"37":0,"38":1,"39":1,"40":0,"41":0,"42":0,"43":0,"44":0,"45":1,"46":1,"47":0,"48":0,"49":0,"50":0,"51":0,"52":0,"53":0,"54":1,"55":1,"56":0,"57":0,"58":0,"59":0,"60":0,"61":0,"62":0,"63":0,"64":0,"65":0,"66":0,"67":0,"68":0,"69":1,"70":1,"71":0,"72":0,"73":0,"74":0,"75":0,"76":0,"77":0,"78":0,"79":0,"80":0,"81":0,"82":0,"83":0,"84":0,"85":0,"86":0,"87":0,"88":0,"89":0,"90":0,"91":0,"92":0,"93":0,"94":0,"95":1,"96":1,"97":0,"98":0,"99":0,"100":0,"101":0,"102":1,"103":1,"104":0,"105":0,"106":0,"107":0,"108":0,"109":0,"110":0,"111":0,"112":0,"113":0,"114":1,"115":1,"116":0,"117":0,"118":0,"119":0,"120":0,"121":0,"122":0,"123":0,"124":0,"125":0,"126":0,"127":0,"128":0,"129":0,"130":0,"131":0,"132":0,"133":0,"134":0,"135":1,"136":1,"137":0,"138":0,"139":0,"140":0,"141":0,"142":0,"143":0,"144":0,"145":0,"146":0,"147":0,"148":0,"149":0,"150":0,"151":0,"152":0,"153":0,"154":0,"155":1},"f":{"0":5,"1":0,"2":0,"3":0,"4":0,"5":0,"6":0,"7":0,"8":0,"9":0},"b":{"0":[1,4],"1":[5,4],"2":[1,2],"3":[1,1],"4":[1,0],"5":[0,0],"6":[0,0,0],"7":[0,0],"8":[0,0],"9":[0,0],"10":[0,0],"11":[0,0],"12":[0,0],"13":[0,0],"14":[0,0],"15":[0,0],"16":[0,0],"17":[0,0],"18":[0,0],"19":[0,0],"20":[0,0],"21":[0,0],"22":[0,0],"23":[0,0],"24":[0,0],"25":[0,0],"26":[0,0],"27":[0,0],"28":[0,0],"29":[0,0],"30":[0,0],"31":[0,0],"32":[0,0],"33":[0,0],"34":[0,0],"35":[0,0],"36":[0,0],"37":[0,0]}}
,"C:\\Users\\HP\\Desktop\\My Current\\JS--css--html\\java script\\video harkhirat\\Projects All\\Full Stack Projects\\blogApp\\server\\src\\model\\BlogModel.ts": {"path":"C:\\Users\\HP\\Desktop\\My Current\\JS--css--html\\java script\\video harkhirat\\Projects All\\Full Stack Projects\\blogApp\\server\\src\\model\\BlogModel.ts","statementMap":{"0":{"start":{"line":1,"column":0},"end":{"line":1,"column":54}},"1":{"start":{"line":12,"column":19},"end":{"line":20,"column":null}},"2":{"start":{"line":23,"column":18},"end":{"line":23,"column":59}},"3":{"start":{"line":25,"column":0},"end":{"line":25,"column":25}}},"fnMap":{},"branchMap":{},"s":{"0":1,"1":1,"2":1,"3":1},"f":{},"b":{}}
,"C:\\Users\\HP\\Desktop\\My Current\\JS--css--html\\java script\\video harkhirat\\Projects All\\Full Stack Projects\\blogApp\\server\\src\\model\\TodoModel.ts": {"path":"C:\\Users\\HP\\Desktop\\My Current\\JS--css--html\\java script\\video harkhirat\\Projects All\\Full Stack Projects\\blogApp\\server\\src\\model\\TodoModel.ts","statementMap":{"0":{"start":{"line":2,"column":0},"end":{"line":2,"column":54}},"1":{"start":{"line":11,"column":19},"end":{"line":16,"column":2}},"2":{"start":{"line":18,"column":18},"end":{"line":18,"column":59}},"3":{"start":{"line":20,"column":0},"end":{"line":20,"column":25}}},"fnMap":{},"branchMap":{},"s":{"0":1,"1":1,"2":1,"3":1},"f":{},"b":{}}
}
