TN:
SF:src\contoller\TodoController.ts
FN:9,(anonymous_1)
FN:45,(anonymous_2)
FN:86,(anonymous_3)
FN:103,(anonymous_4)
FN:124,(anonymous_5)
FN:156,(anonymous_6)
FN:238,(anonymous_7)
FN:253,(anonymous_8)
FN:277,(anonymous_9)
FN:328,(anonymous_10)
FNF:10
FNH:1
FNDA:5,(anonymous_1)
FNDA:0,(anonymous_2)
FNDA:0,(anonymous_3)
FNDA:0,(anonymous_4)
FNDA:0,(anonymous_5)
FNDA:0,(anonymous_6)
FNDA:0,(anonymous_7)
FNDA:0,(anonymous_8)
FNDA:0,(anonymous_9)
FNDA:0,(anonymous_10)
DA:3,1
DA:4,1
DA:5,1
DA:6,1
DA:9,1
DA:10,5
DA:11,5
DA:13,5
DA:14,1
DA:17,4
DA:18,3
DA:20,2
DA:21,2
DA:24,1
DA:30,1
DA:37,1
DA:39,1
DA:40,1
DA:45,1
DA:46,0
DA:47,0
DA:49,0
DA:50,0
DA:53,0
DA:54,0
DA:57,0
DA:58,0
DA:60,0
DA:62,0
DA:69,0
DA:71,0
DA:78,0
DA:80,0
DA:81,0
DA:86,1
DA:87,0
DA:89,0
DA:90,0
DA:97,0
DA:98,0
DA:103,1
DA:104,0
DA:105,0
DA:108,0
DA:109,0
DA:111,0
DA:118,0
DA:119,0
DA:124,1
DA:125,0
DA:126,0
DA:127,0
DA:128,0
DA:131,0
DA:132,0
DA:134,0
DA:135,0
DA:138,0
DA:146,0
DA:148,0
DA:150,0
DA:151,0
DA:156,1
DA:157,0
DA:158,0
DA:159,0
DA:160,0
DA:162,0
DA:170,0
DA:171,0
DA:175,0
DA:176,0
DA:180,0
DA:181,0
DA:182,0
DA:185,0
DA:192,0
DA:194,0
DA:196,0
DA:197,0
DA:210,0
DA:212,0
DA:213,0
DA:216,0
DA:221,0
DA:229,0
DA:230,0
DA:238,1
DA:239,0
DA:240,0
DA:241,0
DA:247,0
DA:248,0
DA:253,1
DA:254,0
DA:255,0
DA:257,0
DA:258,0
DA:261,0
DA:262,0
DA:263,0
DA:266,0
DA:271,0
DA:272,0
DA:277,1
DA:278,0
DA:279,0
DA:280,0
DA:281,0
DA:282,0
DA:285,0
DA:286,0
DA:290,0
DA:291,0
DA:292,0
DA:296,0
DA:297,0
DA:298,0
DA:300,0
DA:301,0
DA:307,0
DA:318,0
DA:323,0
DA:324,0
DA:328,1
DA:329,0
DA:330,0
DA:331,0
DA:332,0
DA:333,0
DA:335,0
DA:336,0
DA:340,0
DA:341,0
DA:348,0
DA:349,0
DA:350,0
DA:357,0
DA:358,0
DA:365,0
DA:375,0
DA:382,0
DA:383,0
DA:391,1
DA:392,1
DA:393,1
DA:394,1
DA:395,1
DA:396,1
DA:397,1
DA:398,1
DA:399,1
DA:400,1
LF:153
LH:37
BRDA:13,0,0,1
BRDA:13,0,1,4
BRDA:13,1,0,5
BRDA:13,1,1,4
BRDA:18,2,0,1
BRDA:18,2,1,2
BRDA:21,3,0,1
BRDA:21,3,1,1
BRDA:26,4,0,1
BRDA:26,4,1,0
BRDA:49,5,0,0
BRDA:49,5,1,0
BRDA:49,6,0,0
BRDA:49,6,1,0
BRDA:49,6,2,0
BRDA:53,7,0,0
BRDA:53,7,1,0
BRDA:58,8,0,0
BRDA:58,8,1,0
BRDA:127,9,0,0
BRDA:127,9,1,0
BRDA:127,10,0,0
BRDA:127,10,1,0
BRDA:131,11,0,0
BRDA:131,11,1,0
BRDA:132,12,0,0
BRDA:132,12,1,0
BRDA:134,13,0,0
BRDA:134,13,1,0
BRDA:170,14,0,0
BRDA:170,14,1,0
BRDA:175,15,0,0
BRDA:175,15,1,0
BRDA:175,16,0,0
BRDA:175,16,1,0
BRDA:181,17,0,0
BRDA:181,17,1,0
BRDA:196,18,0,0
BRDA:196,18,1,0
BRDA:212,19,0,0
BRDA:212,19,1,0
BRDA:232,20,0,0
BRDA:232,20,1,0
BRDA:257,21,0,0
BRDA:257,21,1,0
BRDA:257,22,0,0
BRDA:257,22,1,0
BRDA:262,23,0,0
BRDA:262,23,1,0
BRDA:285,24,0,0
BRDA:285,24,1,0
BRDA:285,25,0,0
BRDA:285,25,1,0
BRDA:291,26,0,0
BRDA:291,26,1,0
BRDA:298,27,0,0
BRDA:298,27,1,0
BRDA:300,28,0,0
BRDA:300,28,1,0
BRDA:310,29,0,0
BRDA:310,29,1,0
BRDA:311,30,0,0
BRDA:311,30,1,0
BRDA:312,31,0,0
BRDA:312,31,1,0
BRDA:335,32,0,0
BRDA:335,32,1,0
BRDA:340,33,0,0
BRDA:340,33,1,0
BRDA:340,34,0,0
BRDA:340,34,1,0
BRDA:349,35,0,0
BRDA:349,35,1,0
BRDA:357,36,0,0
BRDA:357,36,1,0
BRDA:370,37,0,0
BRDA:370,37,1,0
BRF:77
BRH:9
end_of_record
TN:
SF:src\model\BlogModel.ts
FNF:0
FNH:0
DA:1,1
DA:12,1
DA:23,1
DA:25,1
LF:4
LH:4
BRF:0
BRH:0
end_of_record
TN:
SF:src\model\TodoModel.ts
FNF:0
FNH:0
DA:2,1
DA:11,1
DA:18,1
DA:20,1
LF:4
LH:4
BRF:0
BRH:0
end_of_record
